CRITICAL - 2023-02-03 16:35:05 --> Undefined variable: genres
in APPPATH\Views\templates\navbar_footer.php on line 50.
 1 APPPATH\Views\templates\navbar_footer.php(50): CodeIgniter\Debug\Exceptions->errorHandler(8, 'Undefined variable: genres', 'APPPATH\\Views\\templates\\navbar_footer.php', 50, [...])
 2 SYSTEMPATH\View\View.php(213): include('APPPATH\\Views\\templates\\navbar_footer.php')
 3 SYSTEMPATH\View\View.php(216): CodeIgniter\View\View->CodeIgniter\View\{closure}()
 4 SYSTEMPATH\Common.php(1177): CodeIgniter\View\View->render('templates/navbar_footer', [], true)
 5 APPPATH\Controllers\Home.php(42): view('templates/navbar_footer', [...])
 6 SYSTEMPATH\CodeIgniter.php(934): App\Controllers\Home->get_genres()
 7 SYSTEMPATH\CodeIgniter.php(499): CodeIgniter\CodeIgniter->runController(Object(App\Controllers\Home))
 8 SYSTEMPATH\CodeIgniter.php(368): CodeIgniter\CodeIgniter->handleRequest(null, Object(Config\Cache), false)
 9 FCPATH\index.php(67): CodeIgniter\CodeIgniter->run()
CRITICAL - 2023-02-03 16:35:25 --> Invalid argument supplied for foreach()
in APPPATH\Views\templates\navbar_footer.php on line 50.
 1 APPPATH\Views\templates\navbar_footer.php(50): CodeIgniter\Debug\Exceptions->errorHandler(2, 'Invalid argument supplied for foreach()', 'APPPATH\\Views\\templates\\navbar_footer.php', 50, [...])
 2 SYSTEMPATH\View\View.php(213): include('APPPATH\\Views\\templates\\navbar_footer.php')
 3 SYSTEMPATH\View\View.php(216): CodeIgniter\View\View->CodeIgniter\View\{closure}()
 4 SYSTEMPATH\Common.php(1177): CodeIgniter\View\View->render('templates/navbar_footer', [], true)
 5 APPPATH\Controllers\Home.php(42): view('templates/navbar_footer', [...])
 6 SYSTEMPATH\CodeIgniter.php(934): App\Controllers\Home->get_genres()
 7 SYSTEMPATH\CodeIgniter.php(499): CodeIgniter\CodeIgniter->runController(Object(App\Controllers\Home))
 8 SYSTEMPATH\CodeIgniter.php(368): CodeIgniter\CodeIgniter->handleRequest(null, Object(Config\Cache), false)
 9 FCPATH\index.php(67): CodeIgniter\CodeIgniter->run()
CRITICAL - 2023-02-03 16:36:46 --> Invalid argument supplied for foreach()
in APPPATH\Views\templates\navbar_footer.php on line 50.
 1 APPPATH\Views\templates\navbar_footer.php(50): CodeIgniter\Debug\Exceptions->errorHandler(2, 'Invalid argument supplied for foreach()', 'APPPATH\\Views\\templates\\navbar_footer.php', 50, [...])
 2 SYSTEMPATH\View\View.php(213): include('APPPATH\\Views\\templates\\navbar_footer.php')
 3 SYSTEMPATH\View\View.php(216): CodeIgniter\View\View->CodeIgniter\View\{closure}()
 4 SYSTEMPATH\Common.php(1177): CodeIgniter\View\View->render('templates/navbar_footer', [], true)
 5 APPPATH\Controllers\Home.php(43): view('templates/navbar_footer', [...])
 6 SYSTEMPATH\CodeIgniter.php(934): App\Controllers\Home->get_genres()
 7 SYSTEMPATH\CodeIgniter.php(499): CodeIgniter\CodeIgniter->runController(Object(App\Controllers\Home))
 8 SYSTEMPATH\CodeIgniter.php(368): CodeIgniter\CodeIgniter->handleRequest(null, Object(Config\Cache), false)
 9 FCPATH\index.php(67): CodeIgniter\CodeIgniter->run()
CRITICAL - 2023-02-03 16:37:11 --> Illegal string offset 'd'
in APPPATH\Controllers\Home.php on line 35.
 1 APPPATH\Controllers\Home.php(35): CodeIgniter\Debug\Exceptions->errorHandler(2, 'Illegal string offset \'d\'', 'APPPATH\\Controllers\\Home.php', 35, [...])
 2 SYSTEMPATH\CodeIgniter.php(934): App\Controllers\Home->get_genres()
 3 SYSTEMPATH\CodeIgniter.php(499): CodeIgniter\CodeIgniter->runController(Object(App\Controllers\Home))
 4 SYSTEMPATH\CodeIgniter.php(368): CodeIgniter\CodeIgniter->handleRequest(null, Object(Config\Cache), false)
 5 FCPATH\index.php(67): CodeIgniter\CodeIgniter->run()
CRITICAL - 2023-02-03 16:37:54 --> Illegal string offset 'b'
in APPPATH\Controllers\Home.php on line 35.
 1 APPPATH\Controllers\Home.php(35): CodeIgniter\Debug\Exceptions->errorHandler(2, 'Illegal string offset \'b\'', 'APPPATH\\Controllers\\Home.php', 35, [...])
 2 SYSTEMPATH\CodeIgniter.php(934): App\Controllers\Home->get_genres()
 3 SYSTEMPATH\CodeIgniter.php(499): CodeIgniter\CodeIgniter->runController(Object(App\Controllers\Home))
 4 SYSTEMPATH\CodeIgniter.php(368): CodeIgniter\CodeIgniter->handleRequest(null, Object(Config\Cache), false)
 5 FCPATH\index.php(67): CodeIgniter\CodeIgniter->run()
CRITICAL - 2023-02-03 16:37:59 --> Illegal string offset 'd'
in APPPATH\Controllers\Home.php on line 35.
 1 APPPATH\Controllers\Home.php(35): CodeIgniter\Debug\Exceptions->errorHandler(2, 'Illegal string offset \'d\'', 'APPPATH\\Controllers\\Home.php', 35, [...])
 2 SYSTEMPATH\CodeIgniter.php(934): App\Controllers\Home->get_genres()
 3 SYSTEMPATH\CodeIgniter.php(499): CodeIgniter\CodeIgniter->runController(Object(App\Controllers\Home))
 4 SYSTEMPATH\CodeIgniter.php(368): CodeIgniter\CodeIgniter->handleRequest(null, Object(Config\Cache), false)
 5 FCPATH\index.php(67): CodeIgniter\CodeIgniter->run()
CRITICAL - 2023-02-03 16:38:24 --> Illegal string offset 'response'
in APPPATH\Controllers\Home.php on line 35.
 1 APPPATH\Controllers\Home.php(35): CodeIgniter\Debug\Exceptions->errorHandler(2, 'Illegal string offset \'response\'', 'APPPATH\\Controllers\\Home.php', 35, [...])
 2 SYSTEMPATH\CodeIgniter.php(934): App\Controllers\Home->get_genres()
 3 SYSTEMPATH\CodeIgniter.php(499): CodeIgniter\CodeIgniter->runController(Object(App\Controllers\Home))
 4 SYSTEMPATH\CodeIgniter.php(368): CodeIgniter\CodeIgniter->handleRequest(null, Object(Config\Cache), false)
 5 FCPATH\index.php(67): CodeIgniter\CodeIgniter->run()
CRITICAL - 2023-02-03 16:39:31 --> Illegal string offset 'd'
in APPPATH\Controllers\Home.php on line 35.
 1 APPPATH\Controllers\Home.php(35): CodeIgniter\Debug\Exceptions->errorHandler(2, 'Illegal string offset \'d\'', 'APPPATH\\Controllers\\Home.php', 35, [...])
 2 SYSTEMPATH\CodeIgniter.php(934): App\Controllers\Home->get_genres()
 3 SYSTEMPATH\CodeIgniter.php(499): CodeIgniter\CodeIgniter->runController(Object(App\Controllers\Home))
 4 SYSTEMPATH\CodeIgniter.php(368): CodeIgniter\CodeIgniter->handleRequest(null, Object(Config\Cache), false)
 5 FCPATH\index.php(67): CodeIgniter\CodeIgniter->run()
CRITICAL - 2023-02-03 17:02:58 --> Invalid argument supplied for foreach()
in APPPATH\Views\templates\navbar_footer.php on line 50.
 1 APPPATH\Views\templates\navbar_footer.php(50): CodeIgniter\Debug\Exceptions->errorHandler(2, 'Invalid argument supplied for foreach()', 'APPPATH\\Views\\templates\\navbar_footer.php', 50, [...])
 2 SYSTEMPATH\View\View.php(213): include('APPPATH\\Views\\templates\\navbar_footer.php')
 3 SYSTEMPATH\View\View.php(216): CodeIgniter\View\View->CodeIgniter\View\{closure}()
 4 SYSTEMPATH\Common.php(1177): CodeIgniter\View\View->render('templates/navbar_footer', [], true)
 5 APPPATH\Controllers\Home.php(42): view('templates/navbar_footer', [...])
 6 SYSTEMPATH\CodeIgniter.php(934): App\Controllers\Home->get_genres()
 7 SYSTEMPATH\CodeIgniter.php(499): CodeIgniter\CodeIgniter->runController(Object(App\Controllers\Home))
 8 SYSTEMPATH\CodeIgniter.php(368): CodeIgniter\CodeIgniter->handleRequest(null, Object(Config\Cache), false)
 9 FCPATH\index.php(67): CodeIgniter\CodeIgniter->run()
CRITICAL - 2023-02-03 17:04:09 --> Invalid argument supplied for foreach()
in APPPATH\Views\templates\navbar_footer.php on line 50.
 1 APPPATH\Views\templates\navbar_footer.php(50): CodeIgniter\Debug\Exceptions->errorHandler(2, 'Invalid argument supplied for foreach()', 'APPPATH\\Views\\templates\\navbar_footer.php', 50, [...])
 2 SYSTEMPATH\View\View.php(213): include('APPPATH\\Views\\templates\\navbar_footer.php')
 3 SYSTEMPATH\View\View.php(216): CodeIgniter\View\View->CodeIgniter\View\{closure}()
 4 SYSTEMPATH\Common.php(1177): CodeIgniter\View\View->render('templates/navbar_footer', [], true)
 5 APPPATH\Controllers\Home.php(42): view('templates/navbar_footer', [...])
 6 SYSTEMPATH\CodeIgniter.php(934): App\Controllers\Home->get_genres()
 7 SYSTEMPATH\CodeIgniter.php(499): CodeIgniter\CodeIgniter->runController(Object(App\Controllers\Home))
 8 SYSTEMPATH\CodeIgniter.php(368): CodeIgniter\CodeIgniter->handleRequest(null, Object(Config\Cache), false)
 9 FCPATH\index.php(67): CodeIgniter\CodeIgniter->run()
CRITICAL - 2023-02-03 17:04:28 --> Illegal string offset 'genres'
in APPPATH\Controllers\Home.php on line 42.
 1 APPPATH\Controllers\Home.php(42): CodeIgniter\Debug\Exceptions->errorHandler(2, 'Illegal string offset \'genres\'', 'APPPATH\\Controllers\\Home.php', 42, [...])
 2 SYSTEMPATH\CodeIgniter.php(934): App\Controllers\Home->get_genres()
 3 SYSTEMPATH\CodeIgniter.php(499): CodeIgniter\CodeIgniter->runController(Object(App\Controllers\Home))
 4 SYSTEMPATH\CodeIgniter.php(368): CodeIgniter\CodeIgniter->handleRequest(null, Object(Config\Cache), false)
 5 FCPATH\index.php(67): CodeIgniter\CodeIgniter->run()
CRITICAL - 2023-02-03 17:05:28 --> Undefined variable: response
in APPPATH\Views\templates\navbar_footer.php on line 50.
 1 APPPATH\Views\templates\navbar_footer.php(50): CodeIgniter\Debug\Exceptions->errorHandler(8, 'Undefined variable: response', 'APPPATH\\Views\\templates\\navbar_footer.php', 50, [...])
 2 SYSTEMPATH\View\View.php(213): include('APPPATH\\Views\\templates\\navbar_footer.php')
 3 SYSTEMPATH\View\View.php(216): CodeIgniter\View\View->CodeIgniter\View\{closure}()
 4 SYSTEMPATH\Common.php(1177): CodeIgniter\View\View->render('templates/navbar_footer', [], true)
 5 APPPATH\Controllers\Home.php(43): view('templates/navbar_footer', [...])
 6 SYSTEMPATH\CodeIgniter.php(934): App\Controllers\Home->get_genres()
 7 SYSTEMPATH\CodeIgniter.php(499): CodeIgniter\CodeIgniter->runController(Object(App\Controllers\Home))
 8 SYSTEMPATH\CodeIgniter.php(368): CodeIgniter\CodeIgniter->handleRequest(null, Object(Config\Cache), false)
 9 FCPATH\index.php(67): CodeIgniter\CodeIgniter->run()
CRITICAL - 2023-02-03 17:40:34 --> Trying to access array offset on value of type int
in APPPATH\Controllers\Home.php on line 34.
 1 APPPATH\Controllers\Home.php(34): CodeIgniter\Debug\Exceptions->errorHandler(8, 'Trying to access array offset on value of type int', 'APPPATH\\Controllers\\Home.php', 34, [...])
 2 SYSTEMPATH\CodeIgniter.php(934): App\Controllers\Home->get_genres()
 3 SYSTEMPATH\CodeIgniter.php(499): CodeIgniter\CodeIgniter->runController(Object(App\Controllers\Home))
 4 SYSTEMPATH\CodeIgniter.php(368): CodeIgniter\CodeIgniter->handleRequest(null, Object(Config\Cache), false)
 5 FCPATH\index.php(67): CodeIgniter\CodeIgniter->run()
CRITICAL - 2023-02-03 18:15:12 --> Undefined variable: genres
in APPPATH\Views\templates\navbar_footer.php on line 58.
 1 APPPATH\Views\templates\navbar_footer.php(58): CodeIgniter\Debug\Exceptions->errorHandler(8, 'Undefined variable: genres', 'APPPATH\\Views\\templates\\navbar_footer.php', 58, [...])
 2 SYSTEMPATH\View\View.php(213): include('APPPATH\\Views\\templates\\navbar_footer.php')
 3 SYSTEMPATH\View\View.php(216): CodeIgniter\View\View->CodeIgniter\View\{closure}()
 4 SYSTEMPATH\View\View.php(229): CodeIgniter\View\View->render('templates/navbar_footer', [], true)
 5 SYSTEMPATH\Common.php(1177): CodeIgniter\View\View->render('index', [], true)
 6 APPPATH\Controllers\Home.php(10): view('index')
 7 SYSTEMPATH\CodeIgniter.php(934): App\Controllers\Home->index()
 8 SYSTEMPATH\CodeIgniter.php(499): CodeIgniter\CodeIgniter->runController(Object(App\Controllers\Home))
 9 SYSTEMPATH\CodeIgniter.php(368): CodeIgniter\CodeIgniter->handleRequest(null, Object(Config\Cache), false)
10 FCPATH\index.php(67): CodeIgniter\CodeIgniter->run()
CRITICAL - 2023-02-03 18:16:26 --> Undefined index: endpoint
in APPPATH\Views\templates\navbar_footer.php on line 59.
 1 APPPATH\Views\templates\navbar_footer.php(59): CodeIgniter\Debug\Exceptions->errorHandler(8, 'Undefined index: endpoint', 'APPPATH\\Views\\templates\\navbar_footer.php', 59, [...])
 2 SYSTEMPATH\View\View.php(213): include('APPPATH\\Views\\templates\\navbar_footer.php')
 3 SYSTEMPATH\View\View.php(216): CodeIgniter\View\View->CodeIgniter\View\{closure}()
 4 SYSTEMPATH\View\View.php(229): CodeIgniter\View\View->render('templates/navbar_footer', [], true)
 5 SYSTEMPATH\Common.php(1177): CodeIgniter\View\View->render('index', [], true)
 6 APPPATH\Controllers\Home.php(10): view('index')
 7 SYSTEMPATH\CodeIgniter.php(934): App\Controllers\Home->index()
 8 SYSTEMPATH\CodeIgniter.php(499): CodeIgniter\CodeIgniter->runController(Object(App\Controllers\Home))
 9 SYSTEMPATH\CodeIgniter.php(368): CodeIgniter\CodeIgniter->handleRequest(null, Object(Config\Cache), false)
10 FCPATH\index.php(67): CodeIgniter\CodeIgniter->run()
CRITICAL - 2023-02-03 18:16:55 --> Undefined variable: genresMenues
in APPPATH\Views\templates\navbar_footer.php on line 7.
 1 APPPATH\Views\templates\navbar_footer.php(7): CodeIgniter\Debug\Exceptions->errorHandler(8, 'Undefined variable: genresMenues', 'APPPATH\\Views\\templates\\navbar_footer.php', 7, [...])
 2 SYSTEMPATH\View\View.php(213): include('APPPATH\\Views\\templates\\navbar_footer.php')
 3 SYSTEMPATH\View\View.php(216): CodeIgniter\View\View->CodeIgniter\View\{closure}()
 4 SYSTEMPATH\View\View.php(229): CodeIgniter\View\View->render('templates/navbar_footer', [], true)
 5 SYSTEMPATH\Common.php(1177): CodeIgniter\View\View->render('index', [], true)
 6 APPPATH\Controllers\Home.php(10): view('index')
 7 SYSTEMPATH\CodeIgniter.php(934): App\Controllers\Home->index()
 8 SYSTEMPATH\CodeIgniter.php(499): CodeIgniter\CodeIgniter->runController(Object(App\Controllers\Home))
 9 SYSTEMPATH\CodeIgniter.php(368): CodeIgniter\CodeIgniter->handleRequest(null, Object(Config\Cache), false)
10 FCPATH\index.php(67): CodeIgniter\CodeIgniter->run()
CRITICAL - 2023-02-03 18:32:26 --> Undefined index: genres
in APPPATH\Libraries\MostPopularMovies.php on line 28.
 1 APPPATH\Libraries\MostPopularMovies.php(28): CodeIgniter\Debug\Exceptions->errorHandler(8, 'Undefined index: genres', 'APPPATH\\Libraries\\MostPopularMovies.php', 28, [...])
 2 APPPATH\Views\index.php(16): App\Libraries\MostPopularMovies->get_more_popular_movies()
 3 SYSTEMPATH\View\View.php(213): include('APPPATH\\Views\\index.php')
 4 SYSTEMPATH\View\View.php(216): CodeIgniter\View\View->CodeIgniter\View\{closure}()
 5 SYSTEMPATH\Common.php(1177): CodeIgniter\View\View->render('index', [], true)
 6 APPPATH\Controllers\Home.php(10): view('index')
 7 SYSTEMPATH\CodeIgniter.php(934): App\Controllers\Home->index()
 8 SYSTEMPATH\CodeIgniter.php(499): CodeIgniter\CodeIgniter->runController(Object(App\Controllers\Home))
 9 SYSTEMPATH\CodeIgniter.php(368): CodeIgniter\CodeIgniter->handleRequest(null, Object(Config\Cache), false)
10 FCPATH\index.php(67): CodeIgniter\CodeIgniter->run()
