CRITICAL - 2023-03-02 13:06:39 --> Invalid argument supplied for foreach()
in APPPATH\Libraries\MostPopularMovies.php on line 72.
 1 APPPATH\Libraries\MostPopularMovies.php(72): CodeIgniter\Debug\Exceptions->errorHandler(2, 'Invalid argument supplied for foreach()', 'APPPATH\\Libraries\\MostPopularMovies.php', 72, [...])
 2 APPPATH\Views\index.php(16): App\Libraries\MostPopularMovies->get_more_popular_movies()
 3 SYSTEMPATH\View\View.php(213): include('APPPATH\\Views\\index.php')
 4 SYSTEMPATH\View\View.php(216): CodeIgniter\View\View->CodeIgniter\View\{closure}()
 5 SYSTEMPATH\Common.php(1177): CodeIgniter\View\View->render('index', [], true)
 6 APPPATH\Controllers\Home.php(10): view('index')
 7 SYSTEMPATH\CodeIgniter.php(934): App\Controllers\Home->index()
 8 SYSTEMPATH\CodeIgniter.php(499): CodeIgniter\CodeIgniter->runController(Object(App\Controllers\Home))
 9 SYSTEMPATH\CodeIgniter.php(368): CodeIgniter\CodeIgniter->handleRequest(null, Object(Config\Cache), false)
10 FCPATH\index.php(67): CodeIgniter\CodeIgniter->run()
CRITICAL - 2023-03-02 13:25:58 --> Trying to access array offset on value of type int
in APPPATH\Libraries\Genres.php on line 30.
 1 APPPATH\Libraries\Genres.php(30): CodeIgniter\Debug\Exceptions->errorHandler(8, 'Trying to access array offset on value of type int', 'APPPATH\\Libraries\\Genres.php', 30, [...])
 2 APPPATH\Views\templates\navbar_footer.php(6): App\Libraries\Genres->get_genres()
 3 SYSTEMPATH\View\View.php(213): include('APPPATH\\Views\\templates\\navbar_footer.php')
 4 SYSTEMPATH\View\View.php(216): CodeIgniter\View\View->CodeIgniter\View\{closure}()
 5 SYSTEMPATH\View\View.php(229): CodeIgniter\View\View->render('templates/navbar_footer', [], true)
 6 SYSTEMPATH\Common.php(1177): CodeIgniter\View\View->render('index', [], true)
 7 APPPATH\Controllers\Home.php(10): view('index')
 8 SYSTEMPATH\CodeIgniter.php(934): App\Controllers\Home->index()
 9 SYSTEMPATH\CodeIgniter.php(499): CodeIgniter\CodeIgniter->runController(Object(App\Controllers\Home))
10 SYSTEMPATH\CodeIgniter.php(368): CodeIgniter\CodeIgniter->handleRequest(null, Object(Config\Cache), false)
11 FCPATH\index.php(67): CodeIgniter\CodeIgniter->run()
CRITICAL - 2023-03-02 13:26:11 --> Trying to access array offset on value of type int
in APPPATH\Libraries\Genres.php on line 30.
 1 APPPATH\Libraries\Genres.php(30): CodeIgniter\Debug\Exceptions->errorHandler(8, 'Trying to access array offset on value of type int', 'APPPATH\\Libraries\\Genres.php', 30, [...])
 2 APPPATH\Views\templates\navbar_footer.php(6): App\Libraries\Genres->get_genres()
 3 SYSTEMPATH\View\View.php(213): include('APPPATH\\Views\\templates\\navbar_footer.php')
 4 SYSTEMPATH\View\View.php(216): CodeIgniter\View\View->CodeIgniter\View\{closure}()
 5 SYSTEMPATH\View\View.php(229): CodeIgniter\View\View->render('templates/navbar_footer', [], true)
 6 SYSTEMPATH\Common.php(1177): CodeIgniter\View\View->render('index', [], true)
 7 APPPATH\Controllers\Home.php(10): view('index')
 8 SYSTEMPATH\CodeIgniter.php(934): App\Controllers\Home->index()
 9 SYSTEMPATH\CodeIgniter.php(499): CodeIgniter\CodeIgniter->runController(Object(App\Controllers\Home))
10 SYSTEMPATH\CodeIgniter.php(368): CodeIgniter\CodeIgniter->handleRequest(null, Object(Config\Cache), false)
11 FCPATH\index.php(67): CodeIgniter\CodeIgniter->run()
