CRITICAL - 2023-03-06 13:04:44 --> Undefined index: image
in APPPATH\Views\index.php on line 29.
 1 APPPATH\Views\index.php(29): CodeIgniter\Debug\Exceptions->errorHandler(8, 'Undefined index: image', 'APPPATH\\Views\\index.php', 29, [...])
 2 SYSTEMPATH\View\View.php(213): include('APPPATH\\Views\\index.php')
 3 SYSTEMPATH\View\View.php(216): CodeIgniter\View\View->CodeIgniter\View\{closure}()
 4 SYSTEMPATH\Common.php(1177): CodeIgniter\View\View->render('index', [], true)
 5 APPPATH\Controllers\Home.php(23): view('index')
 6 SYSTEMPATH\CodeIgniter.php(934): App\Controllers\Home->index()
 7 SYSTEMPATH\CodeIgniter.php(499): CodeIgniter\CodeIgniter->runController(Object(App\Controllers\Home))
 8 SYSTEMPATH\CodeIgniter.php(368): CodeIgniter\CodeIgniter->handleRequest(null, Object(Config\Cache), false)
 9 FCPATH\index.php(67): CodeIgniter\CodeIgniter->run()
CRITICAL - 2023-03-06 13:05:44 --> file_get_contents(movie_data.json): failed to open stream: No such file or directory
in APPPATH\Controllers\Home.php on line 23.
 1 [internal function]: CodeIgniter\Debug\Exceptions->errorHandler(2, 'file_get_contents(movie_data.json): failed to open stream: No such file or directory', 'APPPATH\\Controllers\\Home.php', 23, [])
 2 APPPATH\Controllers\Home.php(23): file_get_contents('movie_data.json')
 3 SYSTEMPATH\CodeIgniter.php(934): App\Controllers\Home->index()
 4 SYSTEMPATH\CodeIgniter.php(499): CodeIgniter\CodeIgniter->runController(Object(App\Controllers\Home))
 5 SYSTEMPATH\CodeIgniter.php(368): CodeIgniter\CodeIgniter->handleRequest(null, Object(Config\Cache), false)
 6 FCPATH\index.php(67): CodeIgniter\CodeIgniter->run()
CRITICAL - 2023-03-06 13:06:36 --> file_get_contents(public/movie_data.json): failed to open stream: No such file or directory
in APPPATH\Controllers\Home.php on line 23.
 1 [internal function]: CodeIgniter\Debug\Exceptions->errorHandler(2, 'file_get_contents(public/movie_data.json): failed to open stream: No such file or directory', 'APPPATH\\Controllers\\Home.php', 23, [])
 2 APPPATH\Controllers\Home.php(23): file_get_contents('public/movie_data.json')
 3 SYSTEMPATH\CodeIgniter.php(934): App\Controllers\Home->index()
 4 SYSTEMPATH\CodeIgniter.php(499): CodeIgniter\CodeIgniter->runController(Object(App\Controllers\Home))
 5 SYSTEMPATH\CodeIgniter.php(368): CodeIgniter\CodeIgniter->handleRequest(null, Object(Config\Cache), false)
 6 FCPATH\index.php(67): CodeIgniter\CodeIgniter->run()
CRITICAL - 2023-03-06 13:26:24 --> file_get_contents(http://the-movie-catalogue-v2.test/public/movie_data.json): failed to open stream: HTTP request failed! HTTP/1.0 404 Not Found

in APPPATH\Controllers\Home.php on line 23.
 1 [internal function]: CodeIgniter\Debug\Exceptions->errorHandler(2, 'file_get_contents(http://the-movie-catalogue-v2.test/public/movie_data.json): failed to open stream: HTTP request failed! HTTP/1.0 404 Not Found
', 'APPPATH\\Controllers\\Home.php', 23, [...])
 2 APPPATH\Controllers\Home.php(23): file_get_contents('http://the-movie-catalogue-v2.test/public/movie_data.json')
 3 SYSTEMPATH\CodeIgniter.php(934): App\Controllers\Home->index()
 4 SYSTEMPATH\CodeIgniter.php(499): CodeIgniter\CodeIgniter->runController(Object(App\Controllers\Home))
 5 SYSTEMPATH\CodeIgniter.php(368): CodeIgniter\CodeIgniter->handleRequest(null, Object(Config\Cache), false)
 6 FCPATH\index.php(67): CodeIgniter\CodeIgniter->run()
CRITICAL - 2023-03-06 13:31:46 --> file_get_contents(.public/movie_data.json): failed to open stream: No such file or directory
in APPPATH\Controllers\Home.php on line 23.
 1 [internal function]: CodeIgniter\Debug\Exceptions->errorHandler(2, 'file_get_contents(.public/movie_data.json): failed to open stream: No such file or directory', 'APPPATH\\Controllers\\Home.php', 23, [])
 2 APPPATH\Controllers\Home.php(23): file_get_contents('.public/movie_data.json')
 3 SYSTEMPATH\CodeIgniter.php(934): App\Controllers\Home->index()
 4 SYSTEMPATH\CodeIgniter.php(499): CodeIgniter\CodeIgniter->runController(Object(App\Controllers\Home))
 5 SYSTEMPATH\CodeIgniter.php(368): CodeIgniter\CodeIgniter->handleRequest(null, Object(Config\Cache), false)
 6 FCPATH\index.php(67): CodeIgniter\CodeIgniter->run()
CRITICAL - 2023-03-06 13:31:57 --> file_get_contents(public/movie_data.json): failed to open stream: No such file or directory
in APPPATH\Controllers\Home.php on line 23.
 1 [internal function]: CodeIgniter\Debug\Exceptions->errorHandler(2, 'file_get_contents(public/movie_data.json): failed to open stream: No such file or directory', 'APPPATH\\Controllers\\Home.php', 23, [])
 2 APPPATH\Controllers\Home.php(23): file_get_contents('public/movie_data.json')
 3 SYSTEMPATH\CodeIgniter.php(934): App\Controllers\Home->index()
 4 SYSTEMPATH\CodeIgniter.php(499): CodeIgniter\CodeIgniter->runController(Object(App\Controllers\Home))
 5 SYSTEMPATH\CodeIgniter.php(368): CodeIgniter\CodeIgniter->handleRequest(null, Object(Config\Cache), false)
 6 FCPATH\index.php(67): CodeIgniter\CodeIgniter->run()
CRITICAL - 2023-03-06 13:33:21 --> file_get_contents(http://the-movie-catalogue-v2.test/public/movie_data.json): failed to open stream: HTTP request failed! HTTP/1.0 404 Not Found

in APPPATH\Controllers\Home.php on line 23.
 1 [internal function]: CodeIgniter\Debug\Exceptions->errorHandler(2, 'file_get_contents(http://the-movie-catalogue-v2.test/public/movie_data.json): failed to open stream: HTTP request failed! HTTP/1.0 404 Not Found
', 'APPPATH\\Controllers\\Home.php', 23, [...])
 2 APPPATH\Controllers\Home.php(23): file_get_contents('http://the-movie-catalogue-v2.test/public/movie_data.json')
 3 SYSTEMPATH\CodeIgniter.php(934): App\Controllers\Home->index()
 4 SYSTEMPATH\CodeIgniter.php(499): CodeIgniter\CodeIgniter->runController(Object(App\Controllers\Home))
 5 SYSTEMPATH\CodeIgniter.php(368): CodeIgniter\CodeIgniter->handleRequest(null, Object(Config\Cache), false)
 6 FCPATH\index.php(67): CodeIgniter\CodeIgniter->run()
CRITICAL - 2023-03-06 13:35:57 --> Undefined index: image
in APPPATH\Views\index.php on line 29.
 1 APPPATH\Views\index.php(29): CodeIgniter\Debug\Exceptions->errorHandler(8, 'Undefined index: image', 'APPPATH\\Views\\index.php', 29, [...])
 2 SYSTEMPATH\View\View.php(213): include('APPPATH\\Views\\index.php')
 3 SYSTEMPATH\View\View.php(216): CodeIgniter\View\View->CodeIgniter\View\{closure}()
 4 SYSTEMPATH\Common.php(1177): CodeIgniter\View\View->render('index', [], true)
 5 APPPATH\Controllers\Home.php(31): view('index')
 6 SYSTEMPATH\CodeIgniter.php(934): App\Controllers\Home->index()
 7 SYSTEMPATH\CodeIgniter.php(499): CodeIgniter\CodeIgniter->runController(Object(App\Controllers\Home))
 8 SYSTEMPATH\CodeIgniter.php(368): CodeIgniter\CodeIgniter->handleRequest(null, Object(Config\Cache), false)
 9 FCPATH\index.php(67): CodeIgniter\CodeIgniter->run()
CRITICAL - 2023-03-06 13:40:09 --> Undefined index: genres
in APPPATH\Libraries\Genres.php on line 30.
 1 APPPATH\Libraries\Genres.php(30): CodeIgniter\Debug\Exceptions->errorHandler(8, 'Undefined index: genres', 'APPPATH\\Libraries\\Genres.php', 30, [...])
 2 APPPATH\Views\templates\navbar_footer.php(6): App\Libraries\Genres->get_genres()
 3 SYSTEMPATH\View\View.php(213): include('APPPATH\\Views\\templates\\navbar_footer.php')
 4 SYSTEMPATH\View\View.php(216): CodeIgniter\View\View->CodeIgniter\View\{closure}()
 5 SYSTEMPATH\View\View.php(229): CodeIgniter\View\View->render('templates/navbar_footer', [], true)
 6 SYSTEMPATH\Common.php(1177): CodeIgniter\View\View->render('index', [], true)
 7 APPPATH\Controllers\Home.php(31): view('index')
 8 SYSTEMPATH\CodeIgniter.php(934): App\Controllers\Home->index()
 9 SYSTEMPATH\CodeIgniter.php(499): CodeIgniter\CodeIgniter->runController(Object(App\Controllers\Home))
10 SYSTEMPATH\CodeIgniter.php(368): CodeIgniter\CodeIgniter->handleRequest(null, Object(Config\Cache), false)
11 FCPATH\index.php(67): CodeIgniter\CodeIgniter->run()
CRITICAL - 2023-03-06 13:40:30 --> Undefined index: genres
in APPPATH\Libraries\Genres.php on line 30.
 1 APPPATH\Libraries\Genres.php(30): CodeIgniter\Debug\Exceptions->errorHandler(8, 'Undefined index: genres', 'APPPATH\\Libraries\\Genres.php', 30, [...])
 2 APPPATH\Views\templates\navbar_footer.php(6): App\Libraries\Genres->get_genres()
 3 SYSTEMPATH\View\View.php(213): include('APPPATH\\Views\\templates\\navbar_footer.php')
 4 SYSTEMPATH\View\View.php(216): CodeIgniter\View\View->CodeIgniter\View\{closure}()
 5 SYSTEMPATH\View\View.php(229): CodeIgniter\View\View->render('templates/navbar_footer', [], true)
 6 SYSTEMPATH\Common.php(1177): CodeIgniter\View\View->render('index', [], true)
 7 APPPATH\Controllers\Home.php(31): view('index')
 8 SYSTEMPATH\CodeIgniter.php(934): App\Controllers\Home->index()
 9 SYSTEMPATH\CodeIgniter.php(499): CodeIgniter\CodeIgniter->runController(Object(App\Controllers\Home))
10 SYSTEMPATH\CodeIgniter.php(368): CodeIgniter\CodeIgniter->handleRequest(null, Object(Config\Cache), false)
11 FCPATH\index.php(67): CodeIgniter\CodeIgniter->run()
CRITICAL - 2023-03-06 13:41:06 --> Class 'App\Libraries\Genres' not found
in APPPATH\Views\templates\navbar_footer.php on line 5.
 1 SYSTEMPATH\View\View.php(213): include()
 2 SYSTEMPATH\View\View.php(216): CodeIgniter\View\View->CodeIgniter\View\{closure}()
 3 SYSTEMPATH\View\View.php(229): CodeIgniter\View\View->render('templates/navbar_footer', [], true)
 4 SYSTEMPATH\Common.php(1177): CodeIgniter\View\View->render('index', [], true)
 5 APPPATH\Controllers\Home.php(19): view('index')
 6 SYSTEMPATH\CodeIgniter.php(934): App\Controllers\Home->index()
 7 SYSTEMPATH\CodeIgniter.php(499): CodeIgniter\CodeIgniter->runController(Object(App\Controllers\Home))
 8 SYSTEMPATH\CodeIgniter.php(368): CodeIgniter\CodeIgniter->handleRequest(null, Object(Config\Cache), false)
 9 FCPATH\index.php(67): CodeIgniter\CodeIgniter->run()
CRITICAL - 2023-03-06 13:42:38 --> Class 'App\Libraries\Genres' not found
in APPPATH\Views\templates\navbar_footer.php on line 5.
 1 SYSTEMPATH\View\View.php(213): include()
 2 SYSTEMPATH\View\View.php(216): CodeIgniter\View\View->CodeIgniter\View\{closure}()
 3 SYSTEMPATH\View\View.php(229): CodeIgniter\View\View->render('templates/navbar_footer', [], true)
 4 SYSTEMPATH\Common.php(1177): CodeIgniter\View\View->render('index', [], true)
 5 APPPATH\Controllers\Home.php(18): view('index')
 6 SYSTEMPATH\CodeIgniter.php(934): App\Controllers\Home->index()
 7 SYSTEMPATH\CodeIgniter.php(499): CodeIgniter\CodeIgniter->runController(Object(App\Controllers\Home))
 8 SYSTEMPATH\CodeIgniter.php(368): CodeIgniter\CodeIgniter->handleRequest(null, Object(Config\Cache), false)
 9 FCPATH\index.php(67): CodeIgniter\CodeIgniter->run()
CRITICAL - 2023-03-06 13:42:41 --> Class 'App\Libraries\Genres' not found
in APPPATH\Views\templates\navbar_footer.php on line 5.
 1 SYSTEMPATH\View\View.php(213): include()
 2 SYSTEMPATH\View\View.php(216): CodeIgniter\View\View->CodeIgniter\View\{closure}()
 3 SYSTEMPATH\View\View.php(229): CodeIgniter\View\View->render('templates/navbar_footer', [], true)
 4 SYSTEMPATH\Common.php(1177): CodeIgniter\View\View->render('index', [], true)
 5 APPPATH\Controllers\Home.php(18): view('index')
 6 SYSTEMPATH\CodeIgniter.php(934): App\Controllers\Home->index()
 7 SYSTEMPATH\CodeIgniter.php(499): CodeIgniter\CodeIgniter->runController(Object(App\Controllers\Home))
 8 SYSTEMPATH\CodeIgniter.php(368): CodeIgniter\CodeIgniter->handleRequest(null, Object(Config\Cache), false)
 9 FCPATH\index.php(67): CodeIgniter\CodeIgniter->run()
CRITICAL - 2023-03-06 13:43:04 --> Class 'App\Libraries\Genres' not found
in APPPATH\Views\templates\navbar_footer.php on line 5.
 1 SYSTEMPATH\View\View.php(213): include()
 2 SYSTEMPATH\View\View.php(216): CodeIgniter\View\View->CodeIgniter\View\{closure}()
 3 SYSTEMPATH\View\View.php(229): CodeIgniter\View\View->render('templates/navbar_footer', [], true)
 4 SYSTEMPATH\Common.php(1177): CodeIgniter\View\View->render('index', [], true)
 5 APPPATH\Controllers\Home.php(18): view('index')
 6 SYSTEMPATH\CodeIgniter.php(934): App\Controllers\Home->index()
 7 SYSTEMPATH\CodeIgniter.php(499): CodeIgniter\CodeIgniter->runController(Object(App\Controllers\Home))
 8 SYSTEMPATH\CodeIgniter.php(368): CodeIgniter\CodeIgniter->handleRequest(null, Object(Config\Cache), false)
 9 FCPATH\index.php(67): CodeIgniter\CodeIgniter->run()
CRITICAL - 2023-03-06 13:58:46 --> Trying to get property 'original_title' of non-object
in APPPATH\Views\index.php on line 36.
 1 APPPATH\Views\index.php(36): CodeIgniter\Debug\Exceptions->errorHandler(8, 'Trying to get property \'original_title\' of non-object', 'APPPATH\\Views\\index.php', 36, [...])
 2 SYSTEMPATH\View\View.php(213): include('APPPATH\\Views\\index.php')
 3 SYSTEMPATH\View\View.php(216): CodeIgniter\View\View->CodeIgniter\View\{closure}()
 4 SYSTEMPATH\Common.php(1177): CodeIgniter\View\View->render('index', [], true)
 5 APPPATH\Controllers\Home.php(10): view('index')
 6 SYSTEMPATH\CodeIgniter.php(934): App\Controllers\Home->index()
 7 SYSTEMPATH\CodeIgniter.php(499): CodeIgniter\CodeIgniter->runController(Object(App\Controllers\Home))
 8 SYSTEMPATH\CodeIgniter.php(368): CodeIgniter\CodeIgniter->handleRequest(null, Object(Config\Cache), false)
 9 FCPATH\index.php(67): CodeIgniter\CodeIgniter->run()
CRITICAL - 2023-03-06 13:59:10 --> Undefined index: original_title
in APPPATH\Views\index.php on line 36.
 1 APPPATH\Views\index.php(36): CodeIgniter\Debug\Exceptions->errorHandler(8, 'Undefined index: original_title', 'APPPATH\\Views\\index.php', 36, [...])
 2 SYSTEMPATH\View\View.php(213): include('APPPATH\\Views\\index.php')
 3 SYSTEMPATH\View\View.php(216): CodeIgniter\View\View->CodeIgniter\View\{closure}()
 4 SYSTEMPATH\Common.php(1177): CodeIgniter\View\View->render('index', [], true)
 5 APPPATH\Controllers\Home.php(10): view('index')
 6 SYSTEMPATH\CodeIgniter.php(934): App\Controllers\Home->index()
 7 SYSTEMPATH\CodeIgniter.php(499): CodeIgniter\CodeIgniter->runController(Object(App\Controllers\Home))
 8 SYSTEMPATH\CodeIgniter.php(368): CodeIgniter\CodeIgniter->handleRequest(null, Object(Config\Cache), false)
 9 FCPATH\index.php(67): CodeIgniter\CodeIgniter->run()
CRITICAL - 2023-03-06 13:59:35 --> Undefined index: original_title
in APPPATH\Views\index.php on line 36.
 1 APPPATH\Views\index.php(36): CodeIgniter\Debug\Exceptions->errorHandler(8, 'Undefined index: original_title', 'APPPATH\\Views\\index.php', 36, [...])
 2 SYSTEMPATH\View\View.php(213): include('APPPATH\\Views\\index.php')
 3 SYSTEMPATH\View\View.php(216): CodeIgniter\View\View->CodeIgniter\View\{closure}()
 4 SYSTEMPATH\Common.php(1177): CodeIgniter\View\View->render('index', [], true)
 5 APPPATH\Controllers\Home.php(10): view('index')
 6 SYSTEMPATH\CodeIgniter.php(934): App\Controllers\Home->index()
 7 SYSTEMPATH\CodeIgniter.php(499): CodeIgniter\CodeIgniter->runController(Object(App\Controllers\Home))
 8 SYSTEMPATH\CodeIgniter.php(368): CodeIgniter\CodeIgniter->handleRequest(null, Object(Config\Cache), false)
 9 FCPATH\index.php(67): CodeIgniter\CodeIgniter->run()
CRITICAL - 2023-03-06 14:00:14 --> Undefined index: total_pages
in APPPATH\Views\index.php on line 36.
 1 APPPATH\Views\index.php(36): CodeIgniter\Debug\Exceptions->errorHandler(8, 'Undefined index: total_pages', 'APPPATH\\Views\\index.php', 36, [...])
 2 SYSTEMPATH\View\View.php(213): include('APPPATH\\Views\\index.php')
 3 SYSTEMPATH\View\View.php(216): CodeIgniter\View\View->CodeIgniter\View\{closure}()
 4 SYSTEMPATH\Common.php(1177): CodeIgniter\View\View->render('index', [], true)
 5 APPPATH\Controllers\Home.php(10): view('index')
 6 SYSTEMPATH\CodeIgniter.php(934): App\Controllers\Home->index()
 7 SYSTEMPATH\CodeIgniter.php(499): CodeIgniter\CodeIgniter->runController(Object(App\Controllers\Home))
 8 SYSTEMPATH\CodeIgniter.php(368): CodeIgniter\CodeIgniter->handleRequest(null, Object(Config\Cache), false)
 9 FCPATH\index.php(67): CodeIgniter\CodeIgniter->run()
CRITICAL - 2023-03-06 14:00:32 --> Undefined index: original_title
in APPPATH\Views\index.php on line 36.
 1 APPPATH\Views\index.php(36): CodeIgniter\Debug\Exceptions->errorHandler(8, 'Undefined index: original_title', 'APPPATH\\Views\\index.php', 36, [...])
 2 SYSTEMPATH\View\View.php(213): include('APPPATH\\Views\\index.php')
 3 SYSTEMPATH\View\View.php(216): CodeIgniter\View\View->CodeIgniter\View\{closure}()
 4 SYSTEMPATH\Common.php(1177): CodeIgniter\View\View->render('index', [], true)
 5 APPPATH\Controllers\Home.php(10): view('index')
 6 SYSTEMPATH\CodeIgniter.php(934): App\Controllers\Home->index()
 7 SYSTEMPATH\CodeIgniter.php(499): CodeIgniter\CodeIgniter->runController(Object(App\Controllers\Home))
 8 SYSTEMPATH\CodeIgniter.php(368): CodeIgniter\CodeIgniter->handleRequest(null, Object(Config\Cache), false)
 9 FCPATH\index.php(67): CodeIgniter\CodeIgniter->run()
CRITICAL - 2023-03-06 14:00:41 --> Array to string conversion
in APPPATH\Views\index.php on line 36.
 1 APPPATH\Views\index.php(36): CodeIgniter\Debug\Exceptions->errorHandler(8, 'Array to string conversion', 'APPPATH\\Views\\index.php', 36, [...])
 2 SYSTEMPATH\View\View.php(213): include('APPPATH\\Views\\index.php')
 3 SYSTEMPATH\View\View.php(216): CodeIgniter\View\View->CodeIgniter\View\{closure}()
 4 SYSTEMPATH\Common.php(1177): CodeIgniter\View\View->render('index', [], true)
 5 APPPATH\Controllers\Home.php(10): view('index')
 6 SYSTEMPATH\CodeIgniter.php(934): App\Controllers\Home->index()
 7 SYSTEMPATH\CodeIgniter.php(499): CodeIgniter\CodeIgniter->runController(Object(App\Controllers\Home))
 8 SYSTEMPATH\CodeIgniter.php(368): CodeIgniter\CodeIgniter->handleRequest(null, Object(Config\Cache), false)
 9 FCPATH\index.php(67): CodeIgniter\CodeIgniter->run()
CRITICAL - 2023-03-06 14:01:44 --> Undefined index: results
in APPPATH\Views\index.php on line 36.
 1 APPPATH\Views\index.php(36): CodeIgniter\Debug\Exceptions->errorHandler(8, 'Undefined index: results', 'APPPATH\\Views\\index.php', 36, [...])
 2 SYSTEMPATH\View\View.php(213): include('APPPATH\\Views\\index.php')
 3 SYSTEMPATH\View\View.php(216): CodeIgniter\View\View->CodeIgniter\View\{closure}()
 4 SYSTEMPATH\Common.php(1177): CodeIgniter\View\View->render('index', [], true)
 5 APPPATH\Controllers\Home.php(10): view('index')
 6 SYSTEMPATH\CodeIgniter.php(934): App\Controllers\Home->index()
 7 SYSTEMPATH\CodeIgniter.php(499): CodeIgniter\CodeIgniter->runController(Object(App\Controllers\Home))
 8 SYSTEMPATH\CodeIgniter.php(368): CodeIgniter\CodeIgniter->handleRequest(null, Object(Config\Cache), false)
 9 FCPATH\index.php(67): CodeIgniter\CodeIgniter->run()
CRITICAL - 2023-03-06 14:01:56 --> Undefined variable: MostPopularMovies
in APPPATH\Libraries\MostPopularMovies.php on line 14.
 1 APPPATH\Libraries\MostPopularMovies.php(14): CodeIgniter\Debug\Exceptions->errorHandler(8, 'Undefined variable: MostPopularMovies', 'APPPATH\\Libraries\\MostPopularMovies.php', 14, [...])
 2 APPPATH\Views\index.php(8): App\Libraries\MostPopularMovies->getMostPopularMovies()
 3 SYSTEMPATH\View\View.php(213): include('APPPATH\\Views\\index.php')
 4 SYSTEMPATH\View\View.php(216): CodeIgniter\View\View->CodeIgniter\View\{closure}()
 5 SYSTEMPATH\Common.php(1177): CodeIgniter\View\View->render('index', [], true)
 6 APPPATH\Controllers\Home.php(10): view('index')
 7 SYSTEMPATH\CodeIgniter.php(934): App\Controllers\Home->index()
 8 SYSTEMPATH\CodeIgniter.php(499): CodeIgniter\CodeIgniter->runController(Object(App\Controllers\Home))
 9 SYSTEMPATH\CodeIgniter.php(368): CodeIgniter\CodeIgniter->handleRequest(null, Object(Config\Cache), false)
10 FCPATH\index.php(67): CodeIgniter\CodeIgniter->run()
CRITICAL - 2023-03-06 14:02:33 --> Undefined index: results
in APPPATH\Views\index.php on line 36.
 1 APPPATH\Views\index.php(36): CodeIgniter\Debug\Exceptions->errorHandler(8, 'Undefined index: results', 'APPPATH\\Views\\index.php', 36, [...])
 2 SYSTEMPATH\View\View.php(213): include('APPPATH\\Views\\index.php')
 3 SYSTEMPATH\View\View.php(216): CodeIgniter\View\View->CodeIgniter\View\{closure}()
 4 SYSTEMPATH\Common.php(1177): CodeIgniter\View\View->render('index', [], true)
 5 APPPATH\Controllers\Home.php(10): view('index')
 6 SYSTEMPATH\CodeIgniter.php(934): App\Controllers\Home->index()
 7 SYSTEMPATH\CodeIgniter.php(499): CodeIgniter\CodeIgniter->runController(Object(App\Controllers\Home))
 8 SYSTEMPATH\CodeIgniter.php(368): CodeIgniter\CodeIgniter->handleRequest(null, Object(Config\Cache), false)
 9 FCPATH\index.php(67): CodeIgniter\CodeIgniter->run()
CRITICAL - 2023-03-06 14:02:51 --> Undefined index: original_title
in APPPATH\Views\index.php on line 36.
 1 APPPATH\Views\index.php(36): CodeIgniter\Debug\Exceptions->errorHandler(8, 'Undefined index: original_title', 'APPPATH\\Views\\index.php', 36, [...])
 2 SYSTEMPATH\View\View.php(213): include('APPPATH\\Views\\index.php')
 3 SYSTEMPATH\View\View.php(216): CodeIgniter\View\View->CodeIgniter\View\{closure}()
 4 SYSTEMPATH\Common.php(1177): CodeIgniter\View\View->render('index', [], true)
 5 APPPATH\Controllers\Home.php(10): view('index')
 6 SYSTEMPATH\CodeIgniter.php(934): App\Controllers\Home->index()
 7 SYSTEMPATH\CodeIgniter.php(499): CodeIgniter\CodeIgniter->runController(Object(App\Controllers\Home))
 8 SYSTEMPATH\CodeIgniter.php(368): CodeIgniter\CodeIgniter->handleRequest(null, Object(Config\Cache), false)
 9 FCPATH\index.php(67): CodeIgniter\CodeIgniter->run()
CRITICAL - 2023-03-06 14:42:55 --> asort() expects parameter 1 to be array, null given
in APPPATH\Libraries\MostPopularMovies.php on line 13.
 1 [internal function]: CodeIgniter\Debug\Exceptions->errorHandler(2, 'asort() expects parameter 1 to be array, null given', 'APPPATH\\Libraries\\MostPopularMovies.php', 13, [...])
 2 APPPATH\Libraries\MostPopularMovies.php(13): asort(null)
 3 APPPATH\Views\index.php(8): App\Libraries\MostPopularMovies->getMostPopularMovies()
 4 SYSTEMPATH\View\View.php(213): include('APPPATH\\Views\\index.php')
 5 SYSTEMPATH\View\View.php(216): CodeIgniter\View\View->CodeIgniter\View\{closure}()
 6 SYSTEMPATH\Common.php(1177): CodeIgniter\View\View->render('index', [], true)
 7 APPPATH\Controllers\Home.php(10): view('index')
 8 SYSTEMPATH\CodeIgniter.php(934): App\Controllers\Home->index()
 9 SYSTEMPATH\CodeIgniter.php(499): CodeIgniter\CodeIgniter->runController(Object(App\Controllers\Home))
10 SYSTEMPATH\CodeIgniter.php(368): CodeIgniter\CodeIgniter->handleRequest(null, Object(Config\Cache), false)
11 FCPATH\index.php(67): CodeIgniter\CodeIgniter->run()
CRITICAL - 2023-03-06 14:43:04 --> asort() expects parameter 1 to be array, float given
in APPPATH\Libraries\MostPopularMovies.php on line 13.
 1 [internal function]: CodeIgniter\Debug\Exceptions->errorHandler(2, 'asort() expects parameter 1 to be array, float given', 'APPPATH\\Libraries\\MostPopularMovies.php', 13, [...])
 2 APPPATH\Libraries\MostPopularMovies.php(13): asort(6.6)
 3 APPPATH\Views\index.php(8): App\Libraries\MostPopularMovies->getMostPopularMovies()
 4 SYSTEMPATH\View\View.php(213): include('APPPATH\\Views\\index.php')
 5 SYSTEMPATH\View\View.php(216): CodeIgniter\View\View->CodeIgniter\View\{closure}()
 6 SYSTEMPATH\Common.php(1177): CodeIgniter\View\View->render('index', [], true)
 7 APPPATH\Controllers\Home.php(10): view('index')
 8 SYSTEMPATH\CodeIgniter.php(934): App\Controllers\Home->index()
 9 SYSTEMPATH\CodeIgniter.php(499): CodeIgniter\CodeIgniter->runController(Object(App\Controllers\Home))
10 SYSTEMPATH\CodeIgniter.php(368): CodeIgniter\CodeIgniter->handleRequest(null, Object(Config\Cache), false)
11 FCPATH\index.php(67): CodeIgniter\CodeIgniter->run()
CRITICAL - 2023-03-06 14:58:58 --> Undefined offset: 0
in APPPATH\Libraries\TopRatedMovies.php on line 13.
 1 APPPATH\Libraries\TopRatedMovies.php(13): CodeIgniter\Debug\Exceptions->errorHandler(8, 'Undefined offset: 0', 'APPPATH\\Libraries\\TopRatedMovies.php', 13, [...])
 2 APPPATH\Views\top_rated_movies.php(8): App\Libraries\TopRatedMovies->getTopRatedMovies()
 3 SYSTEMPATH\View\View.php(213): include('APPPATH\\Views\\top_rated_movies.php')
 4 SYSTEMPATH\View\View.php(216): CodeIgniter\View\View->CodeIgniter\View\{closure}()
 5 SYSTEMPATH\Common.php(1177): CodeIgniter\View\View->render('top_rated_movies', [], true)
 6 APPPATH\Controllers\Home.php(15): view('top_rated_movies')
 7 SYSTEMPATH\CodeIgniter.php(934): App\Controllers\Home->top_rated_movies()
 8 SYSTEMPATH\CodeIgniter.php(499): CodeIgniter\CodeIgniter->runController(Object(App\Controllers\Home))
 9 SYSTEMPATH\CodeIgniter.php(368): CodeIgniter\CodeIgniter->handleRequest(null, Object(Config\Cache), false)
10 FCPATH\index.php(67): CodeIgniter\CodeIgniter->run()
CRITICAL - 2023-03-06 15:00:02 --> Undefined variable: getMostPopularMovies
in APPPATH\Views\top_rated_movies.php on line 24.
 1 APPPATH\Views\top_rated_movies.php(24): CodeIgniter\Debug\Exceptions->errorHandler(8, 'Undefined variable: getMostPopularMovies', 'APPPATH\\Views\\top_rated_movies.php', 24, [...])
 2 SYSTEMPATH\View\View.php(213): include('APPPATH\\Views\\top_rated_movies.php')
 3 SYSTEMPATH\View\View.php(216): CodeIgniter\View\View->CodeIgniter\View\{closure}()
 4 SYSTEMPATH\Common.php(1177): CodeIgniter\View\View->render('top_rated_movies', [], true)
 5 APPPATH\Controllers\Home.php(15): view('top_rated_movies')
 6 SYSTEMPATH\CodeIgniter.php(934): App\Controllers\Home->top_rated_movies()
 7 SYSTEMPATH\CodeIgniter.php(499): CodeIgniter\CodeIgniter->runController(Object(App\Controllers\Home))
 8 SYSTEMPATH\CodeIgniter.php(368): CodeIgniter\CodeIgniter->handleRequest(null, Object(Config\Cache), false)
 9 FCPATH\index.php(67): CodeIgniter\CodeIgniter->run()
CRITICAL - 2023-03-06 15:00:30 --> Undefined variable: topRatedMovies
in APPPATH\Views\top_rated_movies.php on line 24.
 1 APPPATH\Views\top_rated_movies.php(24): CodeIgniter\Debug\Exceptions->errorHandler(8, 'Undefined variable: topRatedMovies', 'APPPATH\\Views\\top_rated_movies.php', 24, [...])
 2 SYSTEMPATH\View\View.php(213): include('APPPATH\\Views\\top_rated_movies.php')
 3 SYSTEMPATH\View\View.php(216): CodeIgniter\View\View->CodeIgniter\View\{closure}()
 4 SYSTEMPATH\Common.php(1177): CodeIgniter\View\View->render('top_rated_movies', [], true)
 5 APPPATH\Controllers\Home.php(15): view('top_rated_movies')
 6 SYSTEMPATH\CodeIgniter.php(934): App\Controllers\Home->top_rated_movies()
 7 SYSTEMPATH\CodeIgniter.php(499): CodeIgniter\CodeIgniter->runController(Object(App\Controllers\Home))
 8 SYSTEMPATH\CodeIgniter.php(368): CodeIgniter\CodeIgniter->handleRequest(null, Object(Config\Cache), false)
 9 FCPATH\index.php(67): CodeIgniter\CodeIgniter->run()
CRITICAL - 2023-03-06 15:12:47 --> Undefined index: results
in APPPATH\Libraries\MovieGenres.php on line 13.
 1 APPPATH\Libraries\MovieGenres.php(13): CodeIgniter\Debug\Exceptions->errorHandler(8, 'Undefined index: results', 'APPPATH\\Libraries\\MovieGenres.php', 13, [...])
 2 APPPATH\Views\templates\navbar_footer.php(8): App\Libraries\MovieGenres->getMovieGenres()
 3 SYSTEMPATH\View\View.php(213): include('APPPATH\\Views\\templates\\navbar_footer.php')
 4 SYSTEMPATH\View\View.php(216): CodeIgniter\View\View->CodeIgniter\View\{closure}()
 5 SYSTEMPATH\View\View.php(229): CodeIgniter\View\View->render('templates/navbar_footer', [], true)
 6 SYSTEMPATH\Common.php(1177): CodeIgniter\View\View->render('index', [], true)
 7 APPPATH\Controllers\Home.php(10): view('index')
 8 SYSTEMPATH\CodeIgniter.php(934): App\Controllers\Home->index()
 9 SYSTEMPATH\CodeIgniter.php(499): CodeIgniter\CodeIgniter->runController(Object(App\Controllers\Home))
10 SYSTEMPATH\CodeIgniter.php(368): CodeIgniter\CodeIgniter->handleRequest(null, Object(Config\Cache), false)
11 FCPATH\index.php(67): CodeIgniter\CodeIgniter->run()
CRITICAL - 2023-03-06 16:36:47 --> Invalid file: "movie_info.php"
in SYSTEMPATH\Exceptions\FrameworkException.php on line 33.
 1 SYSTEMPATH\View\View.php(201): CodeIgniter\Exceptions\FrameworkException::forInvalidFile('movie_info.php')
 2 SYSTEMPATH\Common.php(1177): CodeIgniter\View\View->render('movie_info', [], true)
 3 APPPATH\Controllers\Home.php(20): view('movie_info')
 4 SYSTEMPATH\CodeIgniter.php(934): App\Controllers\Home->movie_info('631842')
 5 SYSTEMPATH\CodeIgniter.php(499): CodeIgniter\CodeIgniter->runController(Object(App\Controllers\Home))
 6 SYSTEMPATH\CodeIgniter.php(368): CodeIgniter\CodeIgniter->handleRequest(null, Object(Config\Cache), false)
 7 FCPATH\index.php(67): CodeIgniter\CodeIgniter->run()
CRITICAL - 2023-03-06 16:46:09 --> Invalid file: "movie_info.php"
in SYSTEMPATH\Exceptions\FrameworkException.php on line 33.
 1 SYSTEMPATH\View\View.php(201): CodeIgniter\Exceptions\FrameworkException::forInvalidFile('movie_info.php')
 2 SYSTEMPATH\Common.php(1177): CodeIgniter\View\View->render('movie_info', [], true)
 3 APPPATH\Controllers\Home.php(31): view('movie_info')
 4 SYSTEMPATH\CodeIgniter.php(934): App\Controllers\Home->movie_info('631842')
 5 SYSTEMPATH\CodeIgniter.php(499): CodeIgniter\CodeIgniter->runController(Object(App\Controllers\Home))
 6 SYSTEMPATH\CodeIgniter.php(368): CodeIgniter\CodeIgniter->handleRequest(null, Object(Config\Cache), false)
 7 FCPATH\index.php(67): CodeIgniter\CodeIgniter->run()
CRITICAL - 2023-03-06 16:46:17 --> Invalid file: "movie_info.php"
in SYSTEMPATH\Exceptions\FrameworkException.php on line 33.
 1 SYSTEMPATH\View\View.php(201): CodeIgniter\Exceptions\FrameworkException::forInvalidFile('movie_info.php')
 2 SYSTEMPATH\Common.php(1177): CodeIgniter\View\View->render('movie_info', [], true)
 3 APPPATH\Controllers\Home.php(31): view('movie_info')
 4 SYSTEMPATH\CodeIgniter.php(934): App\Controllers\Home->movie_info('631842')
 5 SYSTEMPATH\CodeIgniter.php(499): CodeIgniter\CodeIgniter->runController(Object(App\Controllers\Home))
 6 SYSTEMPATH\CodeIgniter.php(368): CodeIgniter\CodeIgniter->handleRequest(null, Object(Config\Cache), false)
 7 FCPATH\index.php(67): CodeIgniter\CodeIgniter->run()
CRITICAL - 2023-03-06 16:46:24 --> Invalid file: "movie_info.php"
in SYSTEMPATH\Exceptions\FrameworkException.php on line 33.
 1 SYSTEMPATH\View\View.php(201): CodeIgniter\Exceptions\FrameworkException::forInvalidFile('movie_info.php')
 2 SYSTEMPATH\Common.php(1177): CodeIgniter\View\View->render('movie_info', [], true)
 3 APPPATH\Controllers\Home.php(31): view('movie_info')
 4 SYSTEMPATH\CodeIgniter.php(934): App\Controllers\Home->movie_info('631842')
 5 SYSTEMPATH\CodeIgniter.php(499): CodeIgniter\CodeIgniter->runController(Object(App\Controllers\Home))
 6 SYSTEMPATH\CodeIgniter.php(368): CodeIgniter\CodeIgniter->handleRequest(null, Object(Config\Cache), false)
 7 FCPATH\index.php(67): CodeIgniter\CodeIgniter->run()
CRITICAL - 2023-03-06 16:51:55 --> Undefined variable: data
in APPPATH\Views\movie_info.php on line 17.
 1 APPPATH\Views\movie_info.php(17): CodeIgniter\Debug\Exceptions->errorHandler(8, 'Undefined variable: data', 'APPPATH\\Views\\movie_info.php', 17, [])
 2 SYSTEMPATH\View\View.php(213): include('APPPATH\\Views\\movie_info.php')
 3 SYSTEMPATH\View\View.php(216): CodeIgniter\View\View->CodeIgniter\View\{closure}()
 4 SYSTEMPATH\Common.php(1177): CodeIgniter\View\View->render('movie_info', [], true)
 5 APPPATH\Controllers\Home.php(32): view('movie_info')
 6 SYSTEMPATH\CodeIgniter.php(934): App\Controllers\Home->movie_info('631842')
 7 SYSTEMPATH\CodeIgniter.php(499): CodeIgniter\CodeIgniter->runController(Object(App\Controllers\Home))
 8 SYSTEMPATH\CodeIgniter.php(368): CodeIgniter\CodeIgniter->handleRequest(null, Object(Config\Cache), false)
 9 FCPATH\index.php(67): CodeIgniter\CodeIgniter->run()
CRITICAL - 2023-03-06 16:53:05 --> The route for "movie_info" cannot be found.
in SYSTEMPATH\HTTP\RedirectResponse.php on line 60.
 1 SYSTEMPATH\HTTP\RedirectResponse.php(60): CodeIgniter\HTTP\Exceptions\HTTPException::forInvalidRedirectRoute('movie_info')
 2 SYSTEMPATH\Common.php(869): CodeIgniter\HTTP\RedirectResponse->route(false)
 3 APPPATH\Controllers\Home.php(32): redirect('movie_info', [...])
 4 SYSTEMPATH\CodeIgniter.php(934): App\Controllers\Home->movie_info('631842')
 5 SYSTEMPATH\CodeIgniter.php(499): CodeIgniter\CodeIgniter->runController(Object(App\Controllers\Home))
 6 SYSTEMPATH\CodeIgniter.php(368): CodeIgniter\CodeIgniter->handleRequest(null, Object(Config\Cache), false)
 7 FCPATH\index.php(67): CodeIgniter\CodeIgniter->run()
CRITICAL - 2023-03-06 16:53:53 --> The route for "popular_movie" cannot be found.
in SYSTEMPATH\HTTP\RedirectResponse.php on line 60.
 1 SYSTEMPATH\HTTP\RedirectResponse.php(60): CodeIgniter\HTTP\Exceptions\HTTPException::forInvalidRedirectRoute('popular_movie')
 2 SYSTEMPATH\Common.php(869): CodeIgniter\HTTP\RedirectResponse->route(false)
 3 APPPATH\Controllers\Home.php(32): redirect('popular_movie', [...])
 4 SYSTEMPATH\CodeIgniter.php(934): App\Controllers\Home->movie_info('631842')
 5 SYSTEMPATH\CodeIgniter.php(499): CodeIgniter\CodeIgniter->runController(Object(App\Controllers\Home))
 6 SYSTEMPATH\CodeIgniter.php(368): CodeIgniter\CodeIgniter->handleRequest(null, Object(Config\Cache), false)
 7 FCPATH\index.php(67): CodeIgniter\CodeIgniter->run()
CRITICAL - 2023-03-06 17:05:10 --> Array to string conversion
in APPPATH\Views\movie_info.php on line 40.
 1 APPPATH\Views\movie_info.php(40): CodeIgniter\Debug\Exceptions->errorHandler(8, 'Array to string conversion', 'APPPATH\\Views\\movie_info.php', 40, [...])
 2 SYSTEMPATH\View\View.php(213): include('APPPATH\\Views\\movie_info.php')
 3 SYSTEMPATH\View\View.php(216): CodeIgniter\View\View->CodeIgniter\View\{closure}()
 4 SYSTEMPATH\Common.php(1177): CodeIgniter\View\View->render('movie_info', [], true)
 5 APPPATH\Controllers\Home.php(32): view('movie_info', [...])
 6 SYSTEMPATH\CodeIgniter.php(934): App\Controllers\Home->movie_info('631842')
 7 SYSTEMPATH\CodeIgniter.php(499): CodeIgniter\CodeIgniter->runController(Object(App\Controllers\Home))
 8 SYSTEMPATH\CodeIgniter.php(368): CodeIgniter\CodeIgniter->handleRequest(null, Object(Config\Cache), false)
 9 FCPATH\index.php(67): CodeIgniter\CodeIgniter->run()
CRITICAL - 2023-03-06 17:05:25 --> Array to string conversion
in APPPATH\Views\movie_info.php on line 40.
 1 APPPATH\Views\movie_info.php(40): CodeIgniter\Debug\Exceptions->errorHandler(8, 'Array to string conversion', 'APPPATH\\Views\\movie_info.php', 40, [...])
 2 SYSTEMPATH\View\View.php(213): include('APPPATH\\Views\\movie_info.php')
 3 SYSTEMPATH\View\View.php(216): CodeIgniter\View\View->CodeIgniter\View\{closure}()
 4 SYSTEMPATH\Common.php(1177): CodeIgniter\View\View->render('movie_info', [], true)
 5 APPPATH\Controllers\Home.php(32): view('movie_info', [...])
 6 SYSTEMPATH\CodeIgniter.php(934): App\Controllers\Home->movie_info('631842')
 7 SYSTEMPATH\CodeIgniter.php(499): CodeIgniter\CodeIgniter->runController(Object(App\Controllers\Home))
 8 SYSTEMPATH\CodeIgniter.php(368): CodeIgniter\CodeIgniter->handleRequest(null, Object(Config\Cache), false)
 9 FCPATH\index.php(67): CodeIgniter\CodeIgniter->run()
CRITICAL - 2023-03-06 17:07:24 --> Undefined index: name
in APPPATH\Views\movie_info.php on line 42.
 1 APPPATH\Views\movie_info.php(42): CodeIgniter\Debug\Exceptions->errorHandler(8, 'Undefined index: name', 'APPPATH\\Views\\movie_info.php', 42, [...])
 2 SYSTEMPATH\View\View.php(213): include('APPPATH\\Views\\movie_info.php')
 3 SYSTEMPATH\View\View.php(216): CodeIgniter\View\View->CodeIgniter\View\{closure}()
 4 SYSTEMPATH\Common.php(1177): CodeIgniter\View\View->render('movie_info', [], true)
 5 APPPATH\Controllers\Home.php(32): view('movie_info', [...])
 6 SYSTEMPATH\CodeIgniter.php(934): App\Controllers\Home->movie_info('631842')
 7 SYSTEMPATH\CodeIgniter.php(499): CodeIgniter\CodeIgniter->runController(Object(App\Controllers\Home))
 8 SYSTEMPATH\CodeIgniter.php(368): CodeIgniter\CodeIgniter->handleRequest(null, Object(Config\Cache), false)
 9 FCPATH\index.php(67): CodeIgniter\CodeIgniter->run()
CRITICAL - 2023-03-06 17:12:57 --> Call to undefined function Knock at the Cabin()
in APPPATH\Views\movie_info.php on line 38.
 1 SYSTEMPATH\View\View.php(213): include()
 2 SYSTEMPATH\View\View.php(216): CodeIgniter\View\View->CodeIgniter\View\{closure}()
 3 SYSTEMPATH\Common.php(1177): CodeIgniter\View\View->render('movie_info', [], true)
 4 APPPATH\Controllers\Home.php(32): view('movie_info', [...])
 5 SYSTEMPATH\CodeIgniter.php(934): App\Controllers\Home->movie_info('631842')
 6 SYSTEMPATH\CodeIgniter.php(499): CodeIgniter\CodeIgniter->runController(Object(App\Controllers\Home))
 7 SYSTEMPATH\CodeIgniter.php(368): CodeIgniter\CodeIgniter->handleRequest(null, Object(Config\Cache), false)
 8 FCPATH\index.php(67): CodeIgniter\CodeIgniter->run()
CRITICAL - 2023-03-06 17:13:32 --> A non-numeric value encountered
in APPPATH\Views\movie_info.php on line 38.
 1 APPPATH\Views\movie_info.php(38): CodeIgniter\Debug\Exceptions->errorHandler(2, 'A non-numeric value encountered', 'APPPATH\\Views\\movie_info.php', 38, [...])
 2 SYSTEMPATH\View\View.php(213): include('APPPATH\\Views\\movie_info.php')
 3 SYSTEMPATH\View\View.php(216): CodeIgniter\View\View->CodeIgniter\View\{closure}()
 4 SYSTEMPATH\Common.php(1177): CodeIgniter\View\View->render('movie_info', [], true)
 5 APPPATH\Controllers\Home.php(32): view('movie_info', [...])
 6 SYSTEMPATH\CodeIgniter.php(934): App\Controllers\Home->movie_info('631842')
 7 SYSTEMPATH\CodeIgniter.php(499): CodeIgniter\CodeIgniter->runController(Object(App\Controllers\Home))
 8 SYSTEMPATH\CodeIgniter.php(368): CodeIgniter\CodeIgniter->handleRequest(null, Object(Config\Cache), false)
 9 FCPATH\index.php(67): CodeIgniter\CodeIgniter->run()
CRITICAL - 2023-03-06 17:20:27 --> Undefined index: rntime
in APPPATH\Views\movie_info.php on line 59.
 1 APPPATH\Views\movie_info.php(59): CodeIgniter\Debug\Exceptions->errorHandler(8, 'Undefined index: rntime', 'APPPATH\\Views\\movie_info.php', 59, [...])
 2 SYSTEMPATH\View\View.php(213): include('APPPATH\\Views\\movie_info.php')
 3 SYSTEMPATH\View\View.php(216): CodeIgniter\View\View->CodeIgniter\View\{closure}()
 4 SYSTEMPATH\Common.php(1177): CodeIgniter\View\View->render('movie_info', [], true)
 5 APPPATH\Controllers\Home.php(32): view('movie_info', [...])
 6 SYSTEMPATH\CodeIgniter.php(934): App\Controllers\Home->movie_info('631842')
 7 SYSTEMPATH\CodeIgniter.php(499): CodeIgniter\CodeIgniter->runController(Object(App\Controllers\Home))
 8 SYSTEMPATH\CodeIgniter.php(368): CodeIgniter\CodeIgniter->handleRequest(null, Object(Config\Cache), false)
 9 FCPATH\index.php(67): CodeIgniter\CodeIgniter->run()
CRITICAL - 2023-03-06 17:31:19 --> file_get_contents(http://the-movie-catalogue-v2.test/most_popular_movies.json): failed to open stream: HTTP request failed! HTTP/1.0 404 Not Found

in APPPATH\Libraries\MostPopularMovies.php on line 10.
 1 [internal function]: CodeIgniter\Debug\Exceptions->errorHandler(2, 'file_get_contents(http://the-movie-catalogue-v2.test/most_popular_movies.json): failed to open stream: HTTP request failed! HTTP/1.0 404 Not Found
', 'APPPATH\\Libraries\\MostPopularMovies.php', 10, [...])
 2 APPPATH\Libraries\MostPopularMovies.php(10): file_get_contents('http://the-movie-catalogue-v2.test/most_popular_movies.json')
 3 APPPATH\Views\index.php(8): App\Libraries\MostPopularMovies->getMostPopularMovies()
 4 SYSTEMPATH\View\View.php(213): include('APPPATH\\Views\\index.php')
 5 SYSTEMPATH\View\View.php(216): CodeIgniter\View\View->CodeIgniter\View\{closure}()
 6 SYSTEMPATH\Common.php(1177): CodeIgniter\View\View->render('index', [], true)
 7 APPPATH\Controllers\Home.php(23): view('index', [...])
 8 SYSTEMPATH\CodeIgniter.php(934): App\Controllers\Home->index()
 9 SYSTEMPATH\CodeIgniter.php(499): CodeIgniter\CodeIgniter->runController(Object(App\Controllers\Home))
10 SYSTEMPATH\CodeIgniter.php(368): CodeIgniter\CodeIgniter->handleRequest(null, Object(Config\Cache), false)
11 FCPATH\index.php(67): CodeIgniter\CodeIgniter->run()
CRITICAL - 2023-03-06 17:35:32 --> Trying to access array offset on value of type int
in APPPATH\Views\index.php on line 31.
 1 APPPATH\Views\index.php(31): CodeIgniter\Debug\Exceptions->errorHandler(8, 'Trying to access array offset on value of type int', 'APPPATH\\Views\\index.php', 31, [...])
 2 SYSTEMPATH\View\View.php(213): include('APPPATH\\Views\\index.php')
 3 SYSTEMPATH\View\View.php(216): CodeIgniter\View\View->CodeIgniter\View\{closure}()
 4 SYSTEMPATH\Common.php(1177): CodeIgniter\View\View->render('index', [], true)
 5 APPPATH\Controllers\Home.php(23): view('index', [...])
 6 SYSTEMPATH\CodeIgniter.php(934): App\Controllers\Home->index()
 7 SYSTEMPATH\CodeIgniter.php(499): CodeIgniter\CodeIgniter->runController(Object(App\Controllers\Home))
 8 SYSTEMPATH\CodeIgniter.php(368): CodeIgniter\CodeIgniter->handleRequest(null, Object(Config\Cache), false)
 9 FCPATH\index.php(67): CodeIgniter\CodeIgniter->run()
CRITICAL - 2023-03-06 17:36:37 --> Trying to get property 'id' of non-object
in APPPATH\Views\index.php on line 31.
 1 APPPATH\Views\index.php(31): CodeIgniter\Debug\Exceptions->errorHandler(8, 'Trying to get property \'id\' of non-object', 'APPPATH\\Views\\index.php', 31, [...])
 2 SYSTEMPATH\View\View.php(213): include('APPPATH\\Views\\index.php')
 3 SYSTEMPATH\View\View.php(216): CodeIgniter\View\View->CodeIgniter\View\{closure}()
 4 SYSTEMPATH\Common.php(1177): CodeIgniter\View\View->render('index', [], true)
 5 APPPATH\Controllers\Home.php(23): view('index', [...])
 6 SYSTEMPATH\CodeIgniter.php(934): App\Controllers\Home->index()
 7 SYSTEMPATH\CodeIgniter.php(499): CodeIgniter\CodeIgniter->runController(Object(App\Controllers\Home))
 8 SYSTEMPATH\CodeIgniter.php(368): CodeIgniter\CodeIgniter->handleRequest(null, Object(Config\Cache), false)
 9 FCPATH\index.php(67): CodeIgniter\CodeIgniter->run()
CRITICAL - 2023-03-06 17:36:48 --> Trying to access array offset on value of type int
in APPPATH\Views\index.php on line 31.
 1 APPPATH\Views\index.php(31): CodeIgniter\Debug\Exceptions->errorHandler(8, 'Trying to access array offset on value of type int', 'APPPATH\\Views\\index.php', 31, [...])
 2 SYSTEMPATH\View\View.php(213): include('APPPATH\\Views\\index.php')
 3 SYSTEMPATH\View\View.php(216): CodeIgniter\View\View->CodeIgniter\View\{closure}()
 4 SYSTEMPATH\Common.php(1177): CodeIgniter\View\View->render('index', [], true)
 5 APPPATH\Controllers\Home.php(23): view('index', [...])
 6 SYSTEMPATH\CodeIgniter.php(934): App\Controllers\Home->index()
 7 SYSTEMPATH\CodeIgniter.php(499): CodeIgniter\CodeIgniter->runController(Object(App\Controllers\Home))
 8 SYSTEMPATH\CodeIgniter.php(368): CodeIgniter\CodeIgniter->handleRequest(null, Object(Config\Cache), false)
 9 FCPATH\index.php(67): CodeIgniter\CodeIgniter->run()
CRITICAL - 2023-03-06 17:38:06 --> Undefined offset: 0
in APPPATH\Controllers\Home.php on line 19.
 1 APPPATH\Controllers\Home.php(19): CodeIgniter\Debug\Exceptions->errorHandler(8, 'Undefined offset: 0', 'APPPATH\\Controllers\\Home.php', 19, [...])
 2 SYSTEMPATH\CodeIgniter.php(934): App\Controllers\Home->index()
 3 SYSTEMPATH\CodeIgniter.php(499): CodeIgniter\CodeIgniter->runController(Object(App\Controllers\Home))
 4 SYSTEMPATH\CodeIgniter.php(368): CodeIgniter\CodeIgniter->handleRequest(null, Object(Config\Cache), false)
 5 FCPATH\index.php(67): CodeIgniter\CodeIgniter->run()
CRITICAL - 2023-03-06 17:39:15 --> file_get_contents(http://the-movie-catalogue-v2.test/movie_genres.json): failed to open stream: HTTP request failed! HTTP/1.0 404 Not Found

in APPPATH\Libraries\MovieGenres.php on line 11.
 1 [internal function]: CodeIgniter\Debug\Exceptions->errorHandler(2, 'file_get_contents(http://the-movie-catalogue-v2.test/movie_genres.json): failed to open stream: HTTP request failed! HTTP/1.0 404 Not Found
', 'APPPATH\\Libraries\\MovieGenres.php', 11, [...])
 2 APPPATH\Libraries\MovieGenres.php(11): file_get_contents('http://the-movie-catalogue-v2.test/movie_genres.json')
 3 APPPATH\Views\templates\navbar_footer.php(8): App\Libraries\MovieGenres->getMovieGenres()
 4 SYSTEMPATH\View\View.php(213): include('APPPATH\\Views\\templates\\navbar_footer.php')
 5 SYSTEMPATH\View\View.php(216): CodeIgniter\View\View->CodeIgniter\View\{closure}()
 6 SYSTEMPATH\View\View.php(229): CodeIgniter\View\View->render('templates/navbar_footer', [], true)
 7 SYSTEMPATH\Common.php(1177): CodeIgniter\View\View->render('index', [], true)
 8 APPPATH\Controllers\Home.php(25): view('index', [...])
 9 SYSTEMPATH\CodeIgniter.php(934): App\Controllers\Home->index()
10 SYSTEMPATH\CodeIgniter.php(499): CodeIgniter\CodeIgniter->runController(Object(App\Controllers\Home))
11 SYSTEMPATH\CodeIgniter.php(368): CodeIgniter\CodeIgniter->handleRequest(null, Object(Config\Cache), false)
12 FCPATH\index.php(67): CodeIgniter\CodeIgniter->run()
CRITICAL - 2023-03-06 17:47:04 --> Trying to access array offset on value of type null
in APPPATH\Libraries\MovieGenres.php on line 19.
 1 APPPATH\Libraries\MovieGenres.php(19): CodeIgniter\Debug\Exceptions->errorHandler(8, 'Trying to access array offset on value of type null', 'APPPATH\\Libraries\\MovieGenres.php', 19, [...])
 2 APPPATH\Views\templates\navbar_footer.php(8): App\Libraries\MovieGenres->getMovieGenres()
 3 SYSTEMPATH\View\View.php(213): include('APPPATH\\Views\\templates\\navbar_footer.php')
 4 SYSTEMPATH\View\View.php(216): CodeIgniter\View\View->CodeIgniter\View\{closure}()
 5 SYSTEMPATH\Common.php(1177): CodeIgniter\View\View->render('templates/navbar_footer', [], true)
 6 APPPATH\Libraries\MovieGenres.php(25): view('templates/navbar_footer', [...])
 7 APPPATH\Views\templates\navbar_footer.php(8): App\Libraries\MovieGenres->getMovieGenres()
 8 SYSTEMPATH\View\View.php(213): include('APPPATH\\Views\\templates\\navbar_footer.php')
 9 SYSTEMPATH\View\View.php(216): CodeIgniter\View\View->CodeIgniter\View\{closure}()
10 SYSTEMPATH\Common.php(1177): CodeIgniter\View\View->render('templates/navbar_footer', [], true)
11 APPPATH\Libraries\MovieGenres.php(25): view('templates/navbar_footer', [...])
12 APPPATH\Views\templates\navbar_footer.php(8): App\Libraries\MovieGenres->getMovieGenres()
13 SYSTEMPATH\View\View.php(213): include('APPPATH\\Views\\templates\\navbar_footer.php')
14 SYSTEMPATH\View\View.php(216): CodeIgniter\View\View->CodeIgniter\View\{closure}()
15 SYSTEMPATH\Common.php(1177): CodeIgniter\View\View->render('templates/navbar_footer', [], true)
16 APPPATH\Libraries\MovieGenres.php(25): view('templates/navbar_footer', [...])
17 APPPATH\Views\templates\navbar_footer.php(8): App\Libraries\MovieGenres->getMovieGenres()
18 SYSTEMPATH\View\View.php(213): include('APPPATH\\Views\\templates\\navbar_footer.php')
19 SYSTEMPATH\View\View.php(216): CodeIgniter\View\View->CodeIgniter\View\{closure}()
20 SYSTEMPATH\View\View.php(229): CodeIgniter\View\View->render('templates/navbar_footer', [], true)
21 SYSTEMPATH\Common.php(1177): CodeIgniter\View\View->render('index', [], true)
22 APPPATH\Controllers\Home.php(25): view('index', [...])
23 SYSTEMPATH\CodeIgniter.php(934): App\Controllers\Home->index()
24 SYSTEMPATH\CodeIgniter.php(499): CodeIgniter\CodeIgniter->runController(Object(App\Controllers\Home))
25 SYSTEMPATH\CodeIgniter.php(368): CodeIgniter\CodeIgniter->handleRequest(null, Object(Config\Cache), false)
26 FCPATH\index.php(67): CodeIgniter\CodeIgniter->run()
CRITICAL - 2023-03-06 17:51:41 --> Trying to access array offset on value of type null
in APPPATH\Libraries\MovieGenres.php on line 19.
 1 APPPATH\Libraries\MovieGenres.php(19): CodeIgniter\Debug\Exceptions->errorHandler(8, 'Trying to access array offset on value of type null', 'APPPATH\\Libraries\\MovieGenres.php', 19, [...])
 2 APPPATH\Views\templates\navbar_footer.php(8): App\Libraries\MovieGenres->getMovieGenres()
 3 SYSTEMPATH\View\View.php(213): include('APPPATH\\Views\\templates\\navbar_footer.php')
 4 SYSTEMPATH\View\View.php(216): CodeIgniter\View\View->CodeIgniter\View\{closure}()
 5 SYSTEMPATH\Common.php(1177): CodeIgniter\View\View->render('templates/navbar_footer', [], true)
 6 APPPATH\Libraries\MovieGenres.php(25): view('templates/navbar_footer', [...])
 7 APPPATH\Views\templates\navbar_footer.php(8): App\Libraries\MovieGenres->getMovieGenres()
 8 SYSTEMPATH\View\View.php(213): include('APPPATH\\Views\\templates\\navbar_footer.php')
 9 SYSTEMPATH\View\View.php(216): CodeIgniter\View\View->CodeIgniter\View\{closure}()
10 SYSTEMPATH\Common.php(1177): CodeIgniter\View\View->render('templates/navbar_footer', [], true)
11 APPPATH\Libraries\MovieGenres.php(25): view('templates/navbar_footer', [...])
12 APPPATH\Views\templates\navbar_footer.php(8): App\Libraries\MovieGenres->getMovieGenres()
13 SYSTEMPATH\View\View.php(213): include('APPPATH\\Views\\templates\\navbar_footer.php')
14 SYSTEMPATH\View\View.php(216): CodeIgniter\View\View->CodeIgniter\View\{closure}()
15 SYSTEMPATH\Common.php(1177): CodeIgniter\View\View->render('templates/navbar_footer', [], true)
16 APPPATH\Libraries\MovieGenres.php(25): view('templates/navbar_footer', [...])
17 APPPATH\Views\templates\navbar_footer.php(8): App\Libraries\MovieGenres->getMovieGenres()
18 SYSTEMPATH\View\View.php(213): include('APPPATH\\Views\\templates\\navbar_footer.php')
19 SYSTEMPATH\View\View.php(216): CodeIgniter\View\View->CodeIgniter\View\{closure}()
20 SYSTEMPATH\Common.php(1177): CodeIgniter\View\View->render('templates/navbar_footer', [], true)
21 APPPATH\Libraries\MovieGenres.php(25): view('templates/navbar_footer', [...])
22 APPPATH\Views\templates\navbar_footer.php(8): App\Libraries\MovieGenres->getMovieGenres()
23 SYSTEMPATH\View\View.php(213): include('APPPATH\\Views\\templates\\navbar_footer.php')
24 SYSTEMPATH\View\View.php(216): CodeIgniter\View\View->CodeIgniter\View\{closure}()
25 SYSTEMPATH\Common.php(1177): CodeIgniter\View\View->render('templates/navbar_footer', [], true)
26 APPPATH\Libraries\MovieGenres.php(25): view('templates/navbar_footer', [...])
27 APPPATH\Views\templates\navbar_footer.php(8): App\Libraries\MovieGenres->getMovieGenres()
28 SYSTEMPATH\View\View.php(213): include('APPPATH\\Views\\templates\\navbar_footer.php')
29 SYSTEMPATH\View\View.php(216): CodeIgniter\View\View->CodeIgniter\View\{closure}()
30 SYSTEMPATH\Common.php(1177): CodeIgniter\View\View->render('templates/navbar_footer', [], true)
31 APPPATH\Libraries\MovieGenres.php(25): view('templates/navbar_footer', [...])
32 APPPATH\Views\templates\navbar_footer.php(8): App\Libraries\MovieGenres->getMovieGenres()
33 SYSTEMPATH\View\View.php(213): include('APPPATH\\Views\\templates\\navbar_footer.php')
34 SYSTEMPATH\View\View.php(216): CodeIgniter\View\View->CodeIgniter\View\{closure}()
35 SYSTEMPATH\Common.php(1177): CodeIgniter\View\View->render('templates/navbar_footer', [], true)
36 APPPATH\Libraries\MovieGenres.php(25): view('templates/navbar_footer', [...])
37 APPPATH\Views\templates\navbar_footer.php(8): App\Libraries\MovieGenres->getMovieGenres()
38 SYSTEMPATH\View\View.php(213): include('APPPATH\\Views\\templates\\navbar_footer.php')
39 SYSTEMPATH\View\View.php(216): CodeIgniter\View\View->CodeIgniter\View\{closure}()
40 SYSTEMPATH\Common.php(1177): CodeIgniter\View\View->render('templates/navbar_footer', [], true)
41 APPPATH\Libraries\MovieGenres.php(25): view('templates/navbar_footer', [...])
42 APPPATH\Views\templates\navbar_footer.php(8): App\Libraries\MovieGenres->getMovieGenres()
43 SYSTEMPATH\View\View.php(213): include('APPPATH\\Views\\templates\\navbar_footer.php')
44 SYSTEMPATH\View\View.php(216): CodeIgniter\View\View->CodeIgniter\View\{closure}()
45 SYSTEMPATH\Common.php(1177): CodeIgniter\View\View->render('templates/navbar_footer', [], true)
46 APPPATH\Libraries\MovieGenres.php(25): view('templates/navbar_footer', [...])
47 APPPATH\Views\templates\navbar_footer.php(8): App\Libraries\MovieGenres->getMovieGenres()
48 SYSTEMPATH\View\View.php(213): include('APPPATH\\Views\\templates\\navbar_footer.php')
49 SYSTEMPATH\View\View.php(216): CodeIgniter\View\View->CodeIgniter\View\{closure}()
50 SYSTEMPATH\Common.php(1177): CodeIgniter\View\View->render('templates/navbar_footer', [], true)
51 APPPATH\Libraries\MovieGenres.php(25): view('templates/navbar_footer', [...])
52 APPPATH\Views\templates\navbar_footer.php(8): App\Libraries\MovieGenres->getMovieGenres()
53 SYSTEMPATH\View\View.php(213): include('APPPATH\\Views\\templates\\navbar_footer.php')
54 SYSTEMPATH\View\View.php(216): CodeIgniter\View\View->CodeIgniter\View\{closure}()
55 SYSTEMPATH\Common.php(1177): CodeIgniter\View\View->render('templates/navbar_footer', [], true)
56 APPPATH\Libraries\MovieGenres.php(25): view('templates/navbar_footer', [...])
57 APPPATH\Views\templates\navbar_footer.php(8): App\Libraries\MovieGenres->getMovieGenres()
58 SYSTEMPATH\View\View.php(213): include('APPPATH\\Views\\templates\\navbar_footer.php')
59 SYSTEMPATH\View\View.php(216): CodeIgniter\View\View->CodeIgniter\View\{closure}()
60 SYSTEMPATH\Common.php(1177): CodeIgniter\View\View->render('templates/navbar_footer', [], true)
61 APPPATH\Libraries\MovieGenres.php(25): view('templates/navbar_footer', [...])
62 APPPATH\Views\templates\navbar_footer.php(8): App\Libraries\MovieGenres->getMovieGenres()
63 SYSTEMPATH\View\View.php(213): include('APPPATH\\Views\\templates\\navbar_footer.php')
64 SYSTEMPATH\View\View.php(216): CodeIgniter\View\View->CodeIgniter\View\{closure}()
65 SYSTEMPATH\View\View.php(229): CodeIgniter\View\View->render('templates/navbar_footer', [], true)
66 SYSTEMPATH\Common.php(1177): CodeIgniter\View\View->render('index', [], true)
67 APPPATH\Controllers\Home.php(25): view('index', [...])
68 SYSTEMPATH\CodeIgniter.php(934): App\Controllers\Home->index()
69 SYSTEMPATH\CodeIgniter.php(499): CodeIgniter\CodeIgniter->runController(Object(App\Controllers\Home))
70 SYSTEMPATH\CodeIgniter.php(368): CodeIgniter\CodeIgniter->handleRequest(null, Object(Config\Cache), false)
71 FCPATH\index.php(67): CodeIgniter\CodeIgniter->run()
CRITICAL - 2023-03-06 18:00:46 --> Undefined variable: movieGenres
in APPPATH\Views\templates\navbar_footer.php on line 64.
 1 APPPATH\Views\templates\navbar_footer.php(64): CodeIgniter\Debug\Exceptions->errorHandler(8, 'Undefined variable: movieGenres', 'APPPATH\\Views\\templates\\navbar_footer.php', 64, [...])
 2 SYSTEMPATH\View\View.php(213): include('APPPATH\\Views\\templates\\navbar_footer.php')
 3 SYSTEMPATH\View\View.php(216): CodeIgniter\View\View->CodeIgniter\View\{closure}()
 4 SYSTEMPATH\View\View.php(229): CodeIgniter\View\View->render('templates/navbar_footer', [], true)
 5 SYSTEMPATH\Common.php(1177): CodeIgniter\View\View->render('index', [], true)
 6 APPPATH\Controllers\Home.php(25): view('index', [...])
 7 SYSTEMPATH\CodeIgniter.php(934): App\Controllers\Home->index()
 8 SYSTEMPATH\CodeIgniter.php(499): CodeIgniter\CodeIgniter->runController(Object(App\Controllers\Home))
 9 SYSTEMPATH\CodeIgniter.php(368): CodeIgniter\CodeIgniter->handleRequest(null, Object(Config\Cache), false)
10 FCPATH\index.php(67): CodeIgniter\CodeIgniter->run()
CRITICAL - 2023-03-06 18:34:48 --> Invalid file: "trendingMovies.php"
in SYSTEMPATH\Exceptions\FrameworkException.php on line 33.
 1 SYSTEMPATH\View\View.php(201): CodeIgniter\Exceptions\FrameworkException::forInvalidFile('trendingMovies.php')
 2 SYSTEMPATH\Common.php(1177): CodeIgniter\View\View->render('trendingMovies', [], true)
 3 APPPATH\Controllers\Home.php(18): view('trendingMovies')
 4 SYSTEMPATH\CodeIgniter.php(934): App\Controllers\Home->trending_movies()
 5 SYSTEMPATH\CodeIgniter.php(499): CodeIgniter\CodeIgniter->runController(Object(App\Controllers\Home))
 6 SYSTEMPATH\CodeIgniter.php(368): CodeIgniter\CodeIgniter->handleRequest(null, Object(Config\Cache), false)
 7 FCPATH\index.php(67): CodeIgniter\CodeIgniter->run()
